<?xml version="1.0" encoding="UTF-8"?>
<!-- Generated by org.testng.reporters.JUnitReportReporter -->
<testsuite skipped="0" hostname="P2CLAP-6021B0J" name="test.ScenarioBased" tests="1" failures="0" timestamp="19 Nov 2019 13:56:36 GMT" time="76.118" errors="0">
  <testcase name="practicalSecond" time="76.118" classname="test.ScenarioBased"/>
</testsuite> <!-- test.ScenarioBased -->
